#
# A fatal error has been detected by the Java Runtime Environment:
#
#  Internal Error (javaClasses.cpp:139), pid=16456, tid=140655812495104
#  fatal error: Invalid layout of preloaded class
#
# JRE version:  (7.0_71-b14) (build )
# Java VM: OpenJDK 64-Bit Server VM (24.65-b04 mixed mode linux-amd64 compressed oops)
# Derivative: IcedTea 2.5.3
# Distribution: Custom build (Wed Nov 19 08:54:41 UTC 2014)
# Failed to write core dump. Core dumps have been disabled. To enable core dumping, try "ulimit -c unlimited" before starting Java again
#
# If you would like to submit a bug report, please include
# instructions on how to reproduce the bug and visit:
#   http://icedtea.classpath.org/bugzilla
#

---------------  T H R E A D  ---------------

Current thread (0x00007fecf4009000):  JavaThread "Unknown thread" [_thread_in_vm, id=16457, stack(0x00007fecfbad4000,0x00007fecfbbd5000)]

Stack: [0x00007fecfbad4000,0x00007fecfbbd5000],  sp=0x00007fecfbbd3940,  free space=1022k
Native frames: (J=compiled Java code, j=interpreted, Vv=VM code, C=native code)
V  [libjvm.so+0x980436]
V  [libjvm.so+0x48f852]
V  [libjvm.so+0x5fcdff]
V  [libjvm.so+0x5fcee6]
V  [libjvm.so+0x8feacc]
V  [libjvm.so+0x94a298]
V  [libjvm.so+0x94a8a3]
V  [libjvm.so+0x5afdd8]
V  [libjvm.so+0x92be4f]
V  [libjvm.so+0x61edf0]  JNI_CreateJavaVM+0x60
C  [libjli.so+0x29bf]


---------------  P R O C E S S  ---------------

Java Threads: ( => current thread )

Other Threads:

=>0x00007fecf4009000 (exited) JavaThread "Unknown thread" [_thread_in_vm, id=16457, stack(0x00007fecfbad4000,0x00007fecfbbd5000)]

VM state:not at safepoint (not fully initialized)

VM Mutex/Monitor currently owned by a thread: None

GC Heap History (0 events):
No events

Deoptimization events (0 events):
No events

Internal exceptions (0 events):
No events

Events (10 events):
Event: 0.006 loading class 0x00007fecf80276f0 done
Event: 0.006 loading class 0x00007fecf8027110 done
Event: 0.006 loading class 0x00007fecf80270f0
Event: 0.006 loading class 0x00007fecf802f1c0
Event: 0.006 loading class 0x00007fecf802f1c0 done
Event: 0.006 loading class 0x00007fecf802f1f0
Event: 0.006 loading class 0x00007fecf802f1f0 done
Event: 0.006 loading class 0x00007fecf802f220
Event: 0.006 loading class 0x00007fecf802f220 done
Event: 0.006 loading class 0x00007fecf80270f0 done


Dynamic libraries:
00400000-00401000 r-xp 00000000 08:03 1211071                            /usr/lib/jvm/java-7-openjdk/jre/bin/java
00600000-00601000 rw-p 00000000 08:03 1211071                            /usr/lib/jvm/java-7-openjdk/jre/bin/java
0065b000-0067c000 rw-p 00000000 00:00 0                                  [heap]
99e00000-9b300000 rw-p 00000000 00:00 0 
9b300000-a4400000 rw-p 00000000 00:00 0 
a4400000-a8100000 rw-p 00000000 00:00 0 
a8100000-e1680000 rw-p 00000000 00:00 0 
e1680000-e3580000 rw-p 00000000 00:00 0 
e3580000-100000000 rw-p 00000000 00:00 0 
7fecc4000000-7fecc4021000 rw-p 00000000 00:00 0 
7fecc4021000-7fecc8000000 ---p 00000000 00:00 0 
7fecc8000000-7fecc8021000 rw-p 00000000 00:00 0 
7fecc8021000-7feccc000000 ---p 00000000 00:00 0 
7feccc000000-7feccc021000 rw-p 00000000 00:00 0 
7feccc021000-7fecd0000000 ---p 00000000 00:00 0 
7fecd0000000-7fecd0021000 rw-p 00000000 00:00 0 
7fecd0021000-7fecd4000000 ---p 00000000 00:00 0 
7fecd4000000-7fecd4021000 rw-p 00000000 00:00 0 
7fecd4021000-7fecd8000000 ---p 00000000 00:00 0 
7fecdc000000-7fecdc021000 rw-p 00000000 00:00 0 
7fecdc021000-7fece0000000 ---p 00000000 00:00 0 
7fece4000000-7fece4021000 rw-p 00000000 00:00 0 
7fece4021000-7fece8000000 ---p 00000000 00:00 0 
7fece8cf0000-7fecec000000 rw-p 00000000 00:00 0 
7fecec000000-7fecec021000 rw-p 00000000 00:00 0 
7fecec021000-7fecf0000000 ---p 00000000 00:00 0 
7fecf0a62000-7fecf0b58000 r--s 017b0000 08:03 543412                     /opt/android-sdk/platforms/android-21/android.jar
7fecf0b58000-7fecf0eff000 rw-p 00000000 00:00 0 
7fecf0eff000-7fecf0f00000 ---p 00000000 00:00 0 
7fecf0f00000-7fecf1000000 rw-p 00000000 00:00 0                          [stack:16469]
7fecf1000000-7fecf1270000 rwxp 00000000 00:00 0 
7fecf1270000-7fecf405d000 rw-p 00000000 00:00 0 
7fecf405d000-7fecf8000000 ---p 00000000 00:00 0 
7fecf8027000-7fecf8082000 rw-p 00000000 00:00 0 
7fecf8082000-7fecf8083000 ---p 00000000 00:00 0 
7fecf8083000-7fecf8183000 rw-p 00000000 00:00 0                          [stack:16468]
7fecf8183000-7fecf8184000 ---p 00000000 00:00 0 
7fecf8184000-7fecf8284000 rw-p 00000000 00:00 0                          [stack:16467]
7fecf8284000-7fecf8285000 ---p 00000000 00:00 0 
7fecf8285000-7fecf8385000 rw-p 00000000 00:00 0                          [stack:16466]
7fecf8385000-7fecf8386000 ---p 00000000 00:00 0 
7fecf8386000-7fecf8486000 rw-p 00000000 00:00 0                          [stack:16465]
7fecf8486000-7fecf8487000 ---p 00000000 00:00 0 
7fecf8487000-7fecf8587000 rw-p 00000000 00:00 0                          [stack:16464]
7fecf8587000-7fecf8588000 ---p 00000000 00:00 0 
7fecf8588000-7fecf8688000 rw-p 00000000 00:00 0                          [stack:16463]
7fecf8688000-7fecf8689000 ---p 00000000 00:00 0 
7fecf8689000-7fecf87a8000 rw-p 00000000 00:00 0                          [stack:16462]
7fecf87a8000-7fecf8973000 rw-p 00000000 00:00 0 
7fecf8973000-7fecf897e000 rw-p 00000000 00:00 0 
7fecf897e000-7fecf89c6000 rw-p 00000000 00:00 0 
7fecf89c6000-7fecf89e5000 rw-p 00000000 00:00 0 
7fecf89e5000-7fecf8baf000 rw-p 00000000 00:00 0 
7fecf8baf000-7fecf8bbf000 rw-p 00000000 00:00 0 
7fecf8bbf000-7fecf8ca4000 rw-p 00000000 00:00 0 
7fecf8ca4000-7fecf8caf000 rw-p 00000000 00:00 0 
7fecf8caf000-7fecf8d65000 rw-p 00000000 00:00 0 
7fecf8d65000-7fecf8d6d000 r-xp 00000000 08:03 1192672                    /usr/lib/jvm/java-7-openjdk/jre/lib/amd64/libzip.so
7fecf8d6d000-7fecf8f6c000 ---p 00008000 08:03 1192672                    /usr/lib/jvm/java-7-openjdk/jre/lib/amd64/libzip.so
7fecf8f6c000-7fecf8f6d000 rw-p 00007000 08:03 1192672                    /usr/lib/jvm/java-7-openjdk/jre/lib/amd64/libzip.so
7fecf8f6d000-7fecf8f78000 r-xp 00000000 08:03 1051733                    /usr/lib/libnss_files-2.20.so
7fecf8f78000-7fecf9178000 ---p 0000b000 08:03 1051733                    /usr/lib/libnss_files-2.20.so
7fecf9178000-7fecf9179000 r--p 0000b000 08:03 1051733                    /usr/lib/libnss_files-2.20.so
7fecf9179000-7fecf917a000 rw-p 0000c000 08:03 1051733                    /usr/lib/libnss_files-2.20.so
7fecf917a000-7fecf91a6000 r-xp 00000000 08:03 1192669                    /usr/lib/jvm/java-7-openjdk/jre/lib/amd64/libjava.so
7fecf91a6000-7fecf93a5000 ---p 0002c000 08:03 1192669                    /usr/lib/jvm/java-7-openjdk/jre/lib/amd64/libjava.so
7fecf93a5000-7fecf93a7000 rw-p 0002b000 08:03 1192669                    /usr/lib/jvm/java-7-openjdk/jre/lib/amd64/libjava.so
7fecf93a7000-7fecf93b4000 r-xp 00000000 08:03 1192668                    /usr/lib/jvm/java-7-openjdk/jre/lib/amd64/libverify.so
7fecf93b4000-7fecf95b3000 ---p 0000d000 08:03 1192668                    /usr/lib/jvm/java-7-openjdk/jre/lib/amd64/libverify.so
7fecf95b3000-7fecf95b5000 rw-p 0000c000 08:03 1192668                    /usr/lib/jvm/java-7-openjdk/jre/lib/amd64/libverify.so
7fecf95b5000-7fecf95bc000 r-xp 00000000 08:03 1051994                    /usr/lib/librt-2.20.so
7fecf95bc000-7fecf97bb000 ---p 00007000 08:03 1051994                    /usr/lib/librt-2.20.so
7fecf97bb000-7fecf97bc000 r--p 00006000 08:03 1051994                    /usr/lib/librt-2.20.so
7fecf97bc000-7fecf97bd000 rw-p 00007000 08:03 1051994                    /usr/lib/librt-2.20.so
7fecf97bd000-7fecf97d3000 r-xp 00000000 08:03 1066725                    /usr/lib/libgcc_s.so.1
7fecf97d3000-7fecf99d2000 ---p 00016000 08:03 1066725                    /usr/lib/libgcc_s.so.1
7fecf99d2000-7fecf99d3000 rw-p 00015000 08:03 1066725                    /usr/lib/libgcc_s.so.1
7fecf99d3000-7fecf9ad6000 r-xp 00000000 08:03 1051934                    /usr/lib/libm-2.20.so
7fecf9ad6000-7fecf9cd6000 ---p 00103000 08:03 1051934                    /usr/lib/libm-2.20.so
7fecf9cd6000-7fecf9cd7000 r--p 00103000 08:03 1051934                    /usr/lib/libm-2.20.so
7fecf9cd7000-7fecf9cd8000 rw-p 00104000 08:03 1051934                    /usr/lib/libm-2.20.so
7fecf9cd8000-7fecf9dc8000 r-xp 00000000 08:03 1087249                    /usr/lib/libstdc++.so.6.0.20
7fecf9dc8000-7fecf9fc8000 ---p 000f0000 08:03 1087249                    /usr/lib/libstdc++.so.6.0.20
7fecf9fc8000-7fecf9fd0000 r--p 000f0000 08:03 1087249                    /usr/lib/libstdc++.so.6.0.20
7fecf9fd0000-7fecf9fd2000 rw-p 000f8000 08:03 1087249                    /usr/lib/libstdc++.so.6.0.20
7fecf9fd2000-7fecf9fe7000 rw-p 00000000 00:00 0 
7fecf9fe7000-7fecfab34000 r-xp 00000000 08:03 1211070                    /usr/lib/jvm/java-7-openjdk/jre/lib/amd64/server/libjvm.so
7fecfab34000-7fecfad33000 ---p 00b4d000 08:03 1211070                    /usr/lib/jvm/java-7-openjdk/jre/lib/amd64/server/libjvm.so
7fecfad33000-7fecfadf5000 rw-p 00b4c000 08:03 1211070                    /usr/lib/jvm/java-7-openjdk/jre/lib/amd64/server/libjvm.so
7fecfadf5000-7fecfae21000 rw-p 00000000 00:00 0 
7fecfae21000-7fecfae36000 r-xp 00000000 08:03 1054972                    /usr/lib/libz.so.1.2.8
7fecfae36000-7fecfb035000 ---p 00015000 08:03 1054972                    /usr/lib/libz.so.1.2.8
7fecfb035000-7fecfb036000 r--p 00014000 08:03 1054972                    /usr/lib/libz.so.1.2.8
7fecfb036000-7fecfb037000 rw-p 00015000 08:03 1054972                    /usr/lib/libz.so.1.2.8
7fecfb037000-7fecfb1d0000 r-xp 00000000 08:03 1051960                    /usr/lib/libc-2.20.so
7fecfb1d0000-7fecfb3d0000 ---p 00199000 08:03 1051960                    /usr/lib/libc-2.20.so
7fecfb3d0000-7fecfb3d4000 r--p 00199000 08:03 1051960                    /usr/lib/libc-2.20.so
7fecfb3d4000-7fecfb3d6000 rw-p 0019d000 08:03 1051960                    /usr/lib/libc-2.20.so
7fecfb3d6000-7fecfb3da000 rw-p 00000000 00:00 0 
7fecfb3da000-7fecfb3dd000 r-xp 00000000 08:03 1051726                    /usr/lib/libdl-2.20.so
7fecfb3dd000-7fecfb5dc000 ---p 00003000 08:03 1051726                    /usr/lib/libdl-2.20.so
7fecfb5dc000-7fecfb5dd000 r--p 00002000 08:03 1051726                    /usr/lib/libdl-2.20.so
7fecfb5dd000-7fecfb5de000 rw-p 00003000 08:03 1051726                    /usr/lib/libdl-2.20.so
7fecfb5de000-7fecfb5eb000 r-xp 00000000 08:03 1210164                    /usr/lib/jvm/java-7-openjdk/jre/lib/amd64/jli/libjli.so
7fecfb5eb000-7fecfb7ea000 ---p 0000d000 08:03 1210164                    /usr/lib/jvm/java-7-openjdk/jre/lib/amd64/jli/libjli.so
7fecfb7ea000-7fecfb7eb000 rw-p 0000c000 08:03 1210164                    /usr/lib/jvm/java-7-openjdk/jre/lib/amd64/jli/libjli.so
7fecfb7eb000-7fecfb802000 r-xp 00000000 08:03 1051740                    /usr/lib/libpthread-2.20.so
7fecfb802000-7fecfba01000 ---p 00017000 08:03 1051740                    /usr/lib/libpthread-2.20.so
7fecfba01000-7fecfba02000 r--p 00016000 08:03 1051740                    /usr/lib/libpthread-2.20.so
7fecfba02000-7fecfba03000 rw-p 00017000 08:03 1051740                    /usr/lib/libpthread-2.20.so
7fecfba03000-7fecfba07000 rw-p 00000000 00:00 0 
7fecfba07000-7fecfba29000 r-xp 00000000 08:03 1051735                    /usr/lib/ld-2.20.so
7fecfba2e000-7fecfba8c000 rw-p 00000000 00:00 0 
7fecfba8c000-7fecfbad4000 rw-p 00000000 00:00 0 
7fecfbad4000-7fecfbad7000 ---p 00000000 00:00 0 
7fecfbad7000-7fecfbbd9000 rw-p 00000000 00:00 0                          [stack:16457]
7fecfbbfb000-7fecfbc1d000 rw-p 00000000 00:00 0 
7fecfbc1d000-7fecfbc25000 rw-s 00000000 00:20 698838                     /tmp/hsperfdata_phanaton/16456
7fecfbc25000-7fecfbc26000 rw-p 00000000 00:00 0 
7fecfbc26000-7fecfbc27000 r--p 00000000 00:00 0 
7fecfbc27000-7fecfbc28000 rw-p 00000000 00:00 0 
7fecfbc28000-7fecfbc29000 r--p 00021000 08:03 1051735                    /usr/lib/ld-2.20.so
7fecfbc29000-7fecfbc2a000 rw-p 00022000 08:03 1051735                    /usr/lib/ld-2.20.so
7fecfbc2a000-7fecfbc2b000 rw-p 00000000 00:00 0 
7fffd62a9000-7fffd62ca000 rw-p 00000000 00:00 0                          [stack]
7fffd6385000-7fffd6387000 r--p 00000000 00:00 0                          [vvar]
7fffd6387000-7fffd6389000 r-xp 00000000 00:00 0                          [vdso]
ffffffffff600000-ffffffffff601000 r-xp 00000000 00:00 0                  [vsyscall]

VM Arguments:
jvm_args: -Dfile.encoding=UTF-8 -Xbootclasspath:/opt/android-sdk/platforms/android-21/android.jar 
java_command: Model.DataReader
Launcher Type: SUN_STANDARD

Environment Variables:
PATH=/usr/local/sbin:/usr/local/bin:/usr/bin:/opt/android-ndk:/opt/android-sdk/platform-tools:/opt/android-sdk/tools:/usr/share/java/gradle/bin:/usr/lib/jvm/default/bin:/opt/kde/bin:/usr/bin/site_perl:/usr/bin/vendor_perl:/usr/bin/core_perl
SHELL=/bin/bash
DISPLAY=:0

Signal Handlers:
SIGSEGV: [libjvm.so+0x980f20], sa_mask[0]=0x7ffbfeff, sa_flags=0x10000004
SIGBUS: [libjvm.so+0x980f20], sa_mask[0]=0x7ffbfeff, sa_flags=0x10000004
SIGFPE: [libjvm.so+0x7ef840], sa_mask[0]=0x7ffbfeff, sa_flags=0x10000004
SIGPIPE: [libjvm.so+0x7ef840], sa_mask[0]=0x7ffbfeff, sa_flags=0x10000004
SIGXFSZ: [libjvm.so+0x7ef840], sa_mask[0]=0x7ffbfeff, sa_flags=0x10000004
SIGILL: [libjvm.so+0x7ef840], sa_mask[0]=0x7ffbfeff, sa_flags=0x10000004
SIGUSR1: SIG_DFL, sa_mask[0]=0x00000000, sa_flags=0x00000000
SIGUSR2: [libjvm.so+0x7ef6c0], sa_mask[0]=0x00000004, sa_flags=0x10000004
SIGHUP: SIG_DFL, sa_mask[0]=0x00000000, sa_flags=0x00000000
SIGINT: SIG_DFL, sa_mask[0]=0x00000000, sa_flags=0x00000000
SIGTERM: SIG_DFL, sa_mask[0]=0x00000000, sa_flags=0x00000000
SIGQUIT: SIG_DFL, sa_mask[0]=0x00000000, sa_flags=0x00000000
SIGTRAP: SIG_DFL, sa_mask[0]=0x00000000, sa_flags=0x00000000


---------------  S Y S T E M  ---------------

OS:Linux
uname:Linux 3.18.2-2-ARCH #1 SMP PREEMPT Fri Jan 9 07:37:51 CET 2015 x86_64
libc:glibc 2.20 NPTL 2.20 
rlimit: STACK 8192k, CORE 0k, NPROC 23209, NOFILE 4096, AS infinity
load average:0.24 0.25 0.38

/proc/meminfo:
MemTotal:        6006108 kB
MemFree:          239860 kB
MemAvailable:    1946400 kB
Buffers:          429980 kB
Cached:          1678080 kB
SwapCached:           48 kB
Active:          3767852 kB
Inactive:        1618024 kB
Active(anon):    2839252 kB
Inactive(anon):   739660 kB
Active(file):     928600 kB
Inactive(file):   878364 kB
Unevictable:       15252 kB
Mlocked:           15252 kB
SwapTotal:        925692 kB
SwapFree:         923464 kB
Dirty:              1600 kB
Writeback:             0 kB
AnonPages:       3292832 kB
Mapped:           641180 kB
Shmem:            295276 kB
Slab:             190520 kB
SReclaimable:     137020 kB
SUnreclaim:        53500 kB
KernelStack:       12128 kB
PageTables:        74904 kB
NFS_Unstable:          0 kB
Bounce:                0 kB
WritebackTmp:          0 kB
CommitLimit:     3928744 kB
Committed_AS:    9230796 kB
VmallocTotal:   34359738367 kB
VmallocUsed:      563512 kB
VmallocChunk:   34359170516 kB
HardwareCorrupted:     0 kB
AnonHugePages:   1019904 kB
HugePages_Total:       0
HugePages_Free:        0
HugePages_Rsvd:        0
HugePages_Surp:        0
Hugepagesize:       2048 kB
DirectMap4k:      281340 kB
DirectMap2M:     5900288 kB


CPU:total 8 (4 cores per cpu, 2 threads per core) family 6 model 58 stepping 9, cmov, cx8, fxsr, mmx, sse, sse2, sse3, ssse3, sse4.1, sse4.2, popcnt, avx, aes, erms, ht, tsc, tscinvbit, tscinv

/proc/cpuinfo:
processor	: 0
vendor_id	: GenuineIntel
cpu family	: 6
model		: 58
model name	: Intel(R) Core(TM) i7-3632QM CPU @ 2.20GHz
stepping	: 9
microcode	: 0x15
cpu MHz		: 2899.960
cache size	: 6144 KB
physical id	: 0
siblings	: 8
core id		: 0
cpu cores	: 4
apicid		: 0
initial apicid	: 0
fpu		: yes
fpu_exception	: yes
cpuid level	: 13
wp		: yes
flags		: fpu vme de pse tsc msr pae mce cx8 apic sep mtrr pge mca cmov pat pse36 clflush dts acpi mmx fxsr sse sse2 ss ht tm pbe syscall nx rdtscp lm constant_tsc arch_perfmon pebs bts rep_good nopl xtopology nonstop_tsc aperfmperf eagerfpu pni pclmulqdq dtes64 monitor ds_cpl vmx est tm2 ssse3 cx16 xtpr pdcm pcid sse4_1 sse4_2 x2apic popcnt tsc_deadline_timer aes xsave avx f16c rdrand lahf_lm ida arat epb pln pts dtherm tpr_shadow vnmi flexpriority ept vpid fsgsbase smep erms xsaveopt
bugs		:
bogomips	: 4391.88
clflush size	: 64
cache_alignment	: 64
address sizes	: 36 bits physical, 48 bits virtual
power management:

processor	: 1
vendor_id	: GenuineIntel
cpu family	: 6
model		: 58
model name	: Intel(R) Core(TM) i7-3632QM CPU @ 2.20GHz
stepping	: 9
microcode	: 0x15
cpu MHz		: 2922.132
cache size	: 6144 KB
physical id	: 0
siblings	: 8
core id		: 0
cpu cores	: 4
apicid		: 1
initial apicid	: 1
fpu		: yes
fpu_exception	: yes
cpuid level	: 13
wp		: yes
flags		: fpu vme de pse tsc msr pae mce cx8 apic sep mtrr pge mca cmov pat pse36 clflush dts acpi mmx fxsr sse sse2 ss ht tm pbe syscall nx rdtscp lm constant_tsc arch_perfmon pebs bts rep_good nopl xtopology nonstop_tsc aperfmperf eagerfpu pni pclmulqdq dtes64 monitor ds_cpl vmx est tm2 ssse3 cx16 xtpr pdcm pcid sse4_1 sse4_2 x2apic popcnt tsc_deadline_timer aes xsave avx f16c rdrand lahf_lm ida arat epb pln pts dtherm tpr_shadow vnmi flexpriority ept vpid fsgsbase smep erms xsaveopt
bugs		:
bogomips	: 4391.88
clflush size	: 64
cache_alignment	: 64
address sizes	: 36 bits physical, 48 bits virtual
power management:

processor	: 2
vendor_id	: GenuineIntel
cpu family	: 6
model		: 58
model name	: Intel(R) Core(TM) i7-3632QM CPU @ 2.20GHz
stepping	: 9
microcode	: 0x15
cpu MHz		: 2899.960
cache size	: 6144 KB
physical id	: 0
siblings	: 8
core id		: 1
cpu cores	: 4
apicid		: 2
initial apicid	: 2
fpu		: yes
fpu_exception	: yes
cpuid level	: 13
wp		: yes
flags		: fpu vme de pse tsc msr pae mce cx8 apic sep mtrr pge mca cmov pat pse36 clflush dts acpi mmx fxsr sse sse2 ss ht tm pbe syscall nx rdtscp lm constant_tsc arch_perfmon pebs bts rep_good nopl xtopology nonstop_tsc aperfmperf eagerfpu pni pclmulqdq dtes64 monitor ds_cpl vmx est tm2 ssse3 cx16 xtpr pdcm pcid sse4_1 sse4_2 x2apic popcnt tsc_deadline_timer aes xsave avx f16c rdrand lahf_lm ida arat epb pln pts dtherm tpr_shadow vnmi flexpriority ept vpid fsgsbase smep erms xsaveopt
bugs		:
bogomips	: 4391.88
clflush size	: 64
cache_alignment	: 64
address sizes	: 36 bits physical, 48 bits virtual
power management:

processor	: 3
vendor_id	: GenuineIntel
cpu family	: 6
model		: 58
model name	: Intel(R) Core(TM) i7-3632QM CPU @ 2.20GHz
stepping	: 9
microcode	: 0x15
cpu MHz		: 2899.960
cache size	: 6144 KB
physical id	: 0
siblings	: 8
core id		: 1
cpu cores	: 4
apicid		: 3
initial apicid	: 3
fpu		: yes
fpu_exception	: yes
cpuid level	: 13
wp		: yes
flags		: fpu vme de pse tsc msr pae mce cx8 apic sep mtrr pge mca cmov pat pse36 clflush dts acpi mmx fxsr sse sse2 ss ht tm pbe syscall nx rdtscp lm constant_tsc arch_perfmon pebs bts rep_good nopl xtopology nonstop_tsc aperfmperf eagerfpu pni pclmulqdq dtes64 monitor ds_cpl vmx est tm2 ssse3 cx16 xtpr pdcm pcid sse4_1 sse4_2 x2apic popcnt tsc_deadline_timer aes xsave avx f16c rdrand lahf_lm ida arat epb pln pts dtherm tpr_shadow vnmi flexpriority ept vpid fsgsbase smep erms xsaveopt
bugs		:
bogomips	: 4391.88
clflush size	: 64
cache_alignment	: 64
address sizes	: 36 bits physical, 48 bits virtual
power management:

processor	: 4
vendor_id	: GenuineIntel
cpu family	: 6
model		: 58
model name	: Intel(R) Core(TM) i7-3632QM CPU @ 2.20GHz
stepping	: 9
microcode	: 0x15
cpu MHz		: 1884.265
cache size	: 6144 KB
physical id	: 0
siblings	: 8
core id		: 2
cpu cores	: 4
apicid		: 4
initial apicid	: 4
fpu		: yes
fpu_exception	: yes
cpuid level	: 13
wp		: yes
flags		: fpu vme de pse tsc msr pae mce cx8 apic sep mtrr pge mca cmov pat pse36 clflush dts acpi mmx fxsr sse sse2 ss ht tm pbe syscall nx rdtscp lm constant_tsc arch_perfmon pebs bts rep_good nopl xtopology nonstop_tsc aperfmperf eagerfpu pni pclmulqdq dtes64 monitor ds_cpl vmx est tm2 ssse3 cx16 xtpr pdcm pcid sse4_1 sse4_2 x2apic popcnt tsc_deadline_timer aes xsave avx f16c rdrand lahf_lm ida arat epb pln pts dtherm tpr_shadow vnmi flexpriority ept vpid fsgsbase smep erms xsaveopt
bugs		:
bogomips	: 4391.88
clflush size	: 64
cache_alignment	: 64
address sizes	: 36 bits physical, 48 bits virtual
power management:

processor	: 5
vendor_id	: GenuineIntel
cpu family	: 6
model		: 58
model name	: Intel(R) Core(TM) i7-3632QM CPU @ 2.20GHz
stepping	: 9
microcode	: 0x15
cpu MHz		: 2922.046
cache size	: 6144 KB
physical id	: 0
siblings	: 8
core id		: 2
cpu cores	: 4
apicid		: 5
initial apicid	: 5
fpu		: yes
fpu_exception	: yes
cpuid level	: 13
wp		: yes
flags		: fpu vme de pse tsc msr pae mce cx8 apic sep mtrr pge mca cmov pat pse36 clflush dts acpi mmx fxsr sse sse2 ss ht tm pbe syscall nx rdtscp lm constant_tsc arch_perfmon pebs bts rep_good nopl xtopology nonstop_tsc aperfmperf eagerfpu pni pclmulqdq dtes64 monitor ds_cpl vmx est tm2 ssse3 cx16 xtpr pdcm pcid sse4_1 sse4_2 x2apic popcnt tsc_deadline_timer aes xsave avx f16c rdrand lahf_lm ida arat epb pln pts dtherm tpr_shadow vnmi flexpriority ept vpid fsgsbase smep erms xsaveopt
bugs		:
bogomips	: 4391.88
clflush size	: 64
cache_alignment	: 64
address sizes	: 36 bits physical, 48 bits virtual
power management:

processor	: 6
vendor_id	: GenuineIntel
cpu family	: 6
model		: 58
model name	: Intel(R) Core(TM) i7-3632QM CPU @ 2.20GHz
stepping	: 9
microcode	: 0x15
cpu MHz		: 2899.960
cache size	: 6144 KB
physical id	: 0
siblings	: 8
core id		: 3
cpu cores	: 4
apicid		: 6
initial apicid	: 6
fpu		: yes
fpu_exception	: yes
cpuid level	: 13
wp		: yes
flags		: fpu vme de pse tsc msr pae mce cx8 apic sep mtrr pge mca cmov pat pse36 clflush dts acpi mmx fxsr sse sse2 ss ht tm pbe syscall nx rdtscp lm constant_tsc arch_perfmon pebs bts rep_good nopl xtopology nonstop_tsc aperfmperf eagerfpu pni pclmulqdq dtes64 monitor ds_cpl vmx est tm2 ssse3 cx16 xtpr pdcm pcid sse4_1 sse4_2 x2apic popcnt tsc_deadline_timer aes xsave avx f16c rdrand lahf_lm ida arat epb pln pts dtherm tpr_shadow vnmi flexpriority ept vpid fsgsbase smep erms xsaveopt
bugs		:
bogomips	: 4391.88
clflush size	: 64
cache_alignment	: 64
address sizes	: 36 bits physical, 48 bits virtual
power management:

processor	: 7
vendor_id	: GenuineIntel
cpu family	: 6
model		: 58
model name	: Intel(R) Core(TM) i7-3632QM CPU @ 2.20GHz
stepping	: 9
microcode	: 0x15
cpu MHz		: 2726.367
cache size	: 6144 KB
physical id	: 0
siblings	: 8
core id		: 3
cpu cores	: 4
apicid		: 7
initial apicid	: 7
fpu		: yes
fpu_exception	: yes
cpuid level	: 13
wp		: yes
flags		: fpu vme de pse tsc msr pae mce cx8 apic sep mtrr pge mca cmov pat pse36 clflush dts acpi mmx fxsr sse sse2 ss ht tm pbe syscall nx rdtscp lm constant_tsc arch_perfmon pebs bts rep_good nopl xtopology nonstop_tsc aperfmperf eagerfpu pni pclmulqdq dtes64 monitor ds_cpl vmx est tm2 ssse3 cx16 xtpr pdcm pcid sse4_1 sse4_2 x2apic popcnt tsc_deadline_timer aes xsave avx f16c rdrand lahf_lm ida arat epb pln pts dtherm tpr_shadow vnmi flexpriority ept vpid fsgsbase smep erms xsaveopt
bugs		:
bogomips	: 4391.88
clflush size	: 64
cache_alignment	: 64
address sizes	: 36 bits physical, 48 bits virtual
power management:



Memory: 4k page, physical 6006108k(239860k free), swap 925692k(923464k free)

vm_info: OpenJDK 64-Bit Server VM (24.65-b04) for linux-amd64 JRE (1.7.0_71-b14), built on Nov 19 2014 08:58:28 by "builduser" with gcc 4.9.2

time: Thu Jan 22 23:04:39 2015
elapsed time: 0 seconds

