#
# A fatal error has been detected by the Java Runtime Environment:
#
#  Internal Error (javaClasses.cpp:139), pid=21982, tid=140303838209792
#  fatal error: Invalid layout of preloaded class
#
# JRE version:  (7.0_71-b14) (build )
# Java VM: OpenJDK 64-Bit Server VM (24.65-b04 mixed mode linux-amd64 compressed oops)
# Derivative: IcedTea 2.5.3
# Distribution: Custom build (Wed Nov 19 08:54:41 UTC 2014)
# Failed to write core dump. Core dumps have been disabled. To enable core dumping, try "ulimit -c unlimited" before starting Java again
#
# If you would like to submit a bug report, please include
# instructions on how to reproduce the bug and visit:
#   http://icedtea.classpath.org/bugzilla
#

---------------  T H R E A D  ---------------

Current thread (0x00007f9b00009000):  JavaThread "Unknown thread" [_thread_in_vm, id=21987, stack(0x00007f9b085fe000,0x00007f9b086ff000)]

Stack: [0x00007f9b085fe000,0x00007f9b086ff000],  sp=0x00007f9b086fd940,  free space=1022k
Native frames: (J=compiled Java code, j=interpreted, Vv=VM code, C=native code)
V  [libjvm.so+0x980436]
V  [libjvm.so+0x48f852]
V  [libjvm.so+0x5fcdff]
V  [libjvm.so+0x5fcee6]
V  [libjvm.so+0x8feacc]
V  [libjvm.so+0x94a298]
V  [libjvm.so+0x94a8a3]
V  [libjvm.so+0x5afdd8]
V  [libjvm.so+0x92be4f]
V  [libjvm.so+0x61edf0]  JNI_CreateJavaVM+0x60
C  [libjli.so+0x29bf]


---------------  P R O C E S S  ---------------

Java Threads: ( => current thread )

Other Threads:

=>0x00007f9b00009000 (exited) JavaThread "Unknown thread" [_thread_in_vm, id=21987, stack(0x00007f9b085fe000,0x00007f9b086ff000)]

VM state:not at safepoint (not fully initialized)

VM Mutex/Monitor currently owned by a thread: None

GC Heap History (0 events):
No events

Deoptimization events (0 events):
No events

Internal exceptions (0 events):
No events

Events (10 events):
Event: 0.005 loading class 0x00007f9b0471f6f0 done
Event: 0.005 loading class 0x00007f9b0471f110 done
Event: 0.005 loading class 0x00007f9b0471f0f0
Event: 0.005 loading class 0x00007f9b047271c0
Event: 0.005 loading class 0x00007f9b047271c0 done
Event: 0.005 loading class 0x00007f9b047271f0
Event: 0.005 loading class 0x00007f9b047271f0 done
Event: 0.005 loading class 0x00007f9b04727220
Event: 0.005 loading class 0x00007f9b04727220 done
Event: 0.005 loading class 0x00007f9b0471f0f0 done


Dynamic libraries:
00400000-00401000 r-xp 00000000 08:03 1211071                            /usr/lib/jvm/java-7-openjdk/jre/bin/java
00600000-00601000 rw-p 00000000 08:03 1211071                            /usr/lib/jvm/java-7-openjdk/jre/bin/java
00a16000-00a37000 rw-p 00000000 00:00 0                                  [heap]
99e00000-9b300000 rw-p 00000000 00:00 0 
9b300000-a4400000 rw-p 00000000 00:00 0 
a4400000-a8100000 rw-p 00000000 00:00 0 
a8100000-e1680000 rw-p 00000000 00:00 0 
e1680000-e3580000 rw-p 00000000 00:00 0 
e3580000-100000000 rw-p 00000000 00:00 0 
7f9ac0000000-7f9ac0021000 rw-p 00000000 00:00 0 
7f9ac0021000-7f9ac4000000 ---p 00000000 00:00 0 
7f9ac8000000-7f9ac8021000 rw-p 00000000 00:00 0 
7f9ac8021000-7f9acc000000 ---p 00000000 00:00 0 
7f9ad0000000-7f9ad0021000 rw-p 00000000 00:00 0 
7f9ad0021000-7f9ad4000000 ---p 00000000 00:00 0 
7f9ad8000000-7f9ad8021000 rw-p 00000000 00:00 0 
7f9ad8021000-7f9adc000000 ---p 00000000 00:00 0 
7f9ae0000000-7f9ae0021000 rw-p 00000000 00:00 0 
7f9ae0021000-7f9ae4000000 ---p 00000000 00:00 0 
7f9ae8000000-7f9ae8021000 rw-p 00000000 00:00 0 
7f9ae8021000-7f9aec000000 ---p 00000000 00:00 0 
7f9af0000000-7f9af0021000 rw-p 00000000 00:00 0 
7f9af0021000-7f9af4000000 ---p 00000000 00:00 0 
7f9af4cf0000-7f9af8000000 rw-p 00000000 00:00 0 
7f9af8000000-7f9af8021000 rw-p 00000000 00:00 0 
7f9af8021000-7f9afc000000 ---p 00000000 00:00 0 
7f9afd000000-7f9afd270000 rwxp 00000000 00:00 0 
7f9afd270000-7f9b0005d000 rw-p 00000000 00:00 0 
7f9b0005d000-7f9b04000000 ---p 00000000 00:00 0 
7f9b045b3000-7f9b046a9000 r--s 017b0000 08:03 543412                     /opt/android-sdk/platforms/android-21/android.jar
7f9b046a9000-7f9b04aab000 rw-p 00000000 00:00 0 
7f9b04aab000-7f9b04aac000 ---p 00000000 00:00 0 
7f9b04aac000-7f9b04bac000 rw-p 00000000 00:00 0                          [stack:21995]
7f9b04bac000-7f9b04bad000 ---p 00000000 00:00 0 
7f9b04bad000-7f9b04cad000 rw-p 00000000 00:00 0                          [stack:21994]
7f9b04cad000-7f9b04cae000 ---p 00000000 00:00 0 
7f9b04cae000-7f9b04dae000 rw-p 00000000 00:00 0                          [stack:21993]
7f9b04dae000-7f9b04daf000 ---p 00000000 00:00 0 
7f9b04daf000-7f9b04eaf000 rw-p 00000000 00:00 0                          [stack:21992]
7f9b04eaf000-7f9b04eb0000 ---p 00000000 00:00 0 
7f9b04eb0000-7f9b04fb0000 rw-p 00000000 00:00 0                          [stack:21991]
7f9b04fb0000-7f9b04fb1000 ---p 00000000 00:00 0 
7f9b04fb1000-7f9b050b1000 rw-p 00000000 00:00 0                          [stack:21990]
7f9b050b1000-7f9b050b2000 ---p 00000000 00:00 0 
7f9b050b2000-7f9b051b2000 rw-p 00000000 00:00 0                          [stack:21989]
7f9b051b2000-7f9b051b3000 ---p 00000000 00:00 0 
7f9b051b3000-7f9b052d2000 rw-p 00000000 00:00 0                          [stack:21988]
7f9b052d2000-7f9b0549d000 rw-p 00000000 00:00 0 
7f9b0549d000-7f9b054a8000 rw-p 00000000 00:00 0 
7f9b054a8000-7f9b054f0000 rw-p 00000000 00:00 0 
7f9b054f0000-7f9b0550f000 rw-p 00000000 00:00 0 
7f9b0550f000-7f9b056d9000 rw-p 00000000 00:00 0 
7f9b056d9000-7f9b056e9000 rw-p 00000000 00:00 0 
7f9b056e9000-7f9b057ce000 rw-p 00000000 00:00 0 
7f9b057ce000-7f9b057d9000 rw-p 00000000 00:00 0 
7f9b057d9000-7f9b0588f000 rw-p 00000000 00:00 0 
7f9b0588f000-7f9b05897000 r-xp 00000000 08:03 1192672                    /usr/lib/jvm/java-7-openjdk/jre/lib/amd64/libzip.so
7f9b05897000-7f9b05a96000 ---p 00008000 08:03 1192672                    /usr/lib/jvm/java-7-openjdk/jre/lib/amd64/libzip.so
7f9b05a96000-7f9b05a97000 rw-p 00007000 08:03 1192672                    /usr/lib/jvm/java-7-openjdk/jre/lib/amd64/libzip.so
7f9b05a97000-7f9b05aa2000 r-xp 00000000 08:03 1051733                    /usr/lib/libnss_files-2.20.so
7f9b05aa2000-7f9b05ca2000 ---p 0000b000 08:03 1051733                    /usr/lib/libnss_files-2.20.so
7f9b05ca2000-7f9b05ca3000 r--p 0000b000 08:03 1051733                    /usr/lib/libnss_files-2.20.so
7f9b05ca3000-7f9b05ca4000 rw-p 0000c000 08:03 1051733                    /usr/lib/libnss_files-2.20.so
7f9b05ca4000-7f9b05cd0000 r-xp 00000000 08:03 1192669                    /usr/lib/jvm/java-7-openjdk/jre/lib/amd64/libjava.so
7f9b05cd0000-7f9b05ecf000 ---p 0002c000 08:03 1192669                    /usr/lib/jvm/java-7-openjdk/jre/lib/amd64/libjava.so
7f9b05ecf000-7f9b05ed1000 rw-p 0002b000 08:03 1192669                    /usr/lib/jvm/java-7-openjdk/jre/lib/amd64/libjava.so
7f9b05ed1000-7f9b05ede000 r-xp 00000000 08:03 1192668                    /usr/lib/jvm/java-7-openjdk/jre/lib/amd64/libverify.so
7f9b05ede000-7f9b060dd000 ---p 0000d000 08:03 1192668                    /usr/lib/jvm/java-7-openjdk/jre/lib/amd64/libverify.so
7f9b060dd000-7f9b060df000 rw-p 0000c000 08:03 1192668                    /usr/lib/jvm/java-7-openjdk/jre/lib/amd64/libverify.so
7f9b060df000-7f9b060e6000 r-xp 00000000 08:03 1051994                    /usr/lib/librt-2.20.so
7f9b060e6000-7f9b062e5000 ---p 00007000 08:03 1051994                    /usr/lib/librt-2.20.so
7f9b062e5000-7f9b062e6000 r--p 00006000 08:03 1051994                    /usr/lib/librt-2.20.so
7f9b062e6000-7f9b062e7000 rw-p 00007000 08:03 1051994                    /usr/lib/librt-2.20.so
7f9b062e7000-7f9b062fd000 r-xp 00000000 08:03 1066725                    /usr/lib/libgcc_s.so.1
7f9b062fd000-7f9b064fc000 ---p 00016000 08:03 1066725                    /usr/lib/libgcc_s.so.1
7f9b064fc000-7f9b064fd000 rw-p 00015000 08:03 1066725                    /usr/lib/libgcc_s.so.1
7f9b064fd000-7f9b06600000 r-xp 00000000 08:03 1051934                    /usr/lib/libm-2.20.so
7f9b06600000-7f9b06800000 ---p 00103000 08:03 1051934                    /usr/lib/libm-2.20.so
7f9b06800000-7f9b06801000 r--p 00103000 08:03 1051934                    /usr/lib/libm-2.20.so
7f9b06801000-7f9b06802000 rw-p 00104000 08:03 1051934                    /usr/lib/libm-2.20.so
7f9b06802000-7f9b068f2000 r-xp 00000000 08:03 1087249                    /usr/lib/libstdc++.so.6.0.20
7f9b068f2000-7f9b06af2000 ---p 000f0000 08:03 1087249                    /usr/lib/libstdc++.so.6.0.20
7f9b06af2000-7f9b06afa000 r--p 000f0000 08:03 1087249                    /usr/lib/libstdc++.so.6.0.20
7f9b06afa000-7f9b06afc000 rw-p 000f8000 08:03 1087249                    /usr/lib/libstdc++.so.6.0.20
7f9b06afc000-7f9b06b11000 rw-p 00000000 00:00 0 
7f9b06b11000-7f9b0765e000 r-xp 00000000 08:03 1211070                    /usr/lib/jvm/java-7-openjdk/jre/lib/amd64/server/libjvm.so
7f9b0765e000-7f9b0785d000 ---p 00b4d000 08:03 1211070                    /usr/lib/jvm/java-7-openjdk/jre/lib/amd64/server/libjvm.so
7f9b0785d000-7f9b0791f000 rw-p 00b4c000 08:03 1211070                    /usr/lib/jvm/java-7-openjdk/jre/lib/amd64/server/libjvm.so
7f9b0791f000-7f9b0794b000 rw-p 00000000 00:00 0 
7f9b0794b000-7f9b07960000 r-xp 00000000 08:03 1054972                    /usr/lib/libz.so.1.2.8
7f9b07960000-7f9b07b5f000 ---p 00015000 08:03 1054972                    /usr/lib/libz.so.1.2.8
7f9b07b5f000-7f9b07b60000 r--p 00014000 08:03 1054972                    /usr/lib/libz.so.1.2.8
7f9b07b60000-7f9b07b61000 rw-p 00015000 08:03 1054972                    /usr/lib/libz.so.1.2.8
7f9b07b61000-7f9b07cfa000 r-xp 00000000 08:03 1051960                    /usr/lib/libc-2.20.so
7f9b07cfa000-7f9b07efa000 ---p 00199000 08:03 1051960                    /usr/lib/libc-2.20.so
7f9b07efa000-7f9b07efe000 r--p 00199000 08:03 1051960                    /usr/lib/libc-2.20.so
7f9b07efe000-7f9b07f00000 rw-p 0019d000 08:03 1051960                    /usr/lib/libc-2.20.so
7f9b07f00000-7f9b07f04000 rw-p 00000000 00:00 0 
7f9b07f04000-7f9b07f07000 r-xp 00000000 08:03 1051726                    /usr/lib/libdl-2.20.so
7f9b07f07000-7f9b08106000 ---p 00003000 08:03 1051726                    /usr/lib/libdl-2.20.so
7f9b08106000-7f9b08107000 r--p 00002000 08:03 1051726                    /usr/lib/libdl-2.20.so
7f9b08107000-7f9b08108000 rw-p 00003000 08:03 1051726                    /usr/lib/libdl-2.20.so
7f9b08108000-7f9b08115000 r-xp 00000000 08:03 1210164                    /usr/lib/jvm/java-7-openjdk/jre/lib/amd64/jli/libjli.so
7f9b08115000-7f9b08314000 ---p 0000d000 08:03 1210164                    /usr/lib/jvm/java-7-openjdk/jre/lib/amd64/jli/libjli.so
7f9b08314000-7f9b08315000 rw-p 0000c000 08:03 1210164                    /usr/lib/jvm/java-7-openjdk/jre/lib/amd64/jli/libjli.so
7f9b08315000-7f9b0832c000 r-xp 00000000 08:03 1051740                    /usr/lib/libpthread-2.20.so
7f9b0832c000-7f9b0852b000 ---p 00017000 08:03 1051740                    /usr/lib/libpthread-2.20.so
7f9b0852b000-7f9b0852c000 r--p 00016000 08:03 1051740                    /usr/lib/libpthread-2.20.so
7f9b0852c000-7f9b0852d000 rw-p 00017000 08:03 1051740                    /usr/lib/libpthread-2.20.so
7f9b0852d000-7f9b08531000 rw-p 00000000 00:00 0 
7f9b08531000-7f9b08553000 r-xp 00000000 08:03 1051735                    /usr/lib/ld-2.20.so
7f9b08558000-7f9b085b6000 rw-p 00000000 00:00 0 
7f9b085b6000-7f9b085fe000 rw-p 00000000 00:00 0 
7f9b085fe000-7f9b08601000 ---p 00000000 00:00 0 
7f9b08601000-7f9b08703000 rw-p 00000000 00:00 0                          [stack:21987]
7f9b08725000-7f9b08747000 rw-p 00000000 00:00 0 
7f9b08747000-7f9b0874f000 rw-s 00000000 00:20 864883                     /tmp/hsperfdata_phanaton/21982
7f9b0874f000-7f9b08750000 rw-p 00000000 00:00 0 
7f9b08750000-7f9b08751000 r--p 00000000 00:00 0 
7f9b08751000-7f9b08752000 rw-p 00000000 00:00 0 
7f9b08752000-7f9b08753000 r--p 00021000 08:03 1051735                    /usr/lib/ld-2.20.so
7f9b08753000-7f9b08754000 rw-p 00022000 08:03 1051735                    /usr/lib/ld-2.20.so
7f9b08754000-7f9b08755000 rw-p 00000000 00:00 0 
7fff55ca2000-7fff55cc3000 rw-p 00000000 00:00 0                          [stack]
7fff55dde000-7fff55de0000 r--p 00000000 00:00 0                          [vvar]
7fff55de0000-7fff55de2000 r-xp 00000000 00:00 0                          [vdso]
ffffffffff600000-ffffffffff601000 r-xp 00000000 00:00 0                  [vsyscall]

VM Arguments:
jvm_args: -Dfile.encoding=UTF-8 -Xbootclasspath:/opt/android-sdk/platforms/android-21/android.jar 
java_command: Model.DataReader
Launcher Type: SUN_STANDARD

Environment Variables:
PATH=/usr/local/sbin:/usr/local/bin:/usr/bin:/opt/android-ndk:/opt/android-sdk/platform-tools:/opt/android-sdk/tools:/usr/share/java/gradle/bin:/usr/lib/jvm/default/bin:/opt/kde/bin:/usr/bin/site_perl:/usr/bin/vendor_perl:/usr/bin/core_perl
SHELL=/bin/bash
DISPLAY=:0

Signal Handlers:
SIGSEGV: [libjvm.so+0x980f20], sa_mask[0]=0x7ffbfeff, sa_flags=0x10000004
SIGBUS: [libjvm.so+0x980f20], sa_mask[0]=0x7ffbfeff, sa_flags=0x10000004
SIGFPE: [libjvm.so+0x7ef840], sa_mask[0]=0x7ffbfeff, sa_flags=0x10000004
SIGPIPE: [libjvm.so+0x7ef840], sa_mask[0]=0x7ffbfeff, sa_flags=0x10000004
SIGXFSZ: [libjvm.so+0x7ef840], sa_mask[0]=0x7ffbfeff, sa_flags=0x10000004
SIGILL: [libjvm.so+0x7ef840], sa_mask[0]=0x7ffbfeff, sa_flags=0x10000004
SIGUSR1: SIG_DFL, sa_mask[0]=0x00000000, sa_flags=0x00000000
SIGUSR2: [libjvm.so+0x7ef6c0], sa_mask[0]=0x00000004, sa_flags=0x10000004
SIGHUP: SIG_DFL, sa_mask[0]=0x00000000, sa_flags=0x00000000
SIGINT: SIG_DFL, sa_mask[0]=0x00000000, sa_flags=0x00000000
SIGTERM: SIG_DFL, sa_mask[0]=0x00000000, sa_flags=0x00000000
SIGQUIT: SIG_DFL, sa_mask[0]=0x00000000, sa_flags=0x00000000
SIGTRAP: SIG_DFL, sa_mask[0]=0x00000000, sa_flags=0x00000000


---------------  S Y S T E M  ---------------

OS:Linux
uname:Linux 3.18.2-2-ARCH #1 SMP PREEMPT Fri Jan 9 07:37:51 CET 2015 x86_64
libc:glibc 2.20 NPTL 2.20 
rlimit: STACK 8192k, CORE 0k, NPROC 23209, NOFILE 4096, AS infinity
load average:2.17 1.56 1.09

/proc/meminfo:
MemTotal:        6006108 kB
MemFree:          196912 kB
MemAvailable:     269684 kB
Buffers:            8348 kB
Cached:          1454952 kB
SwapCached:        84228 kB
Active:          4131448 kB
Inactive:        1308604 kB
Active(anon):    4012856 kB
Inactive(anon):  1243456 kB
Active(file):     118592 kB
Inactive(file):    65148 kB
Unevictable:       15388 kB
Mlocked:           15388 kB
SwapTotal:        925692 kB
SwapFree:         357760 kB
Dirty:               108 kB
Writeback:             0 kB
AnonPages:       3909004 kB
Mapped:           498100 kB
Shmem:           1273252 kB
Slab:             169348 kB
SReclaimable:     115936 kB
SUnreclaim:        53412 kB
KernelStack:       12400 kB
PageTables:        78120 kB
NFS_Unstable:          0 kB
Bounce:                0 kB
WritebackTmp:          0 kB
CommitLimit:     3928744 kB
Committed_AS:   13902260 kB
VmallocTotal:   34359738367 kB
VmallocUsed:      563524 kB
VmallocChunk:   34359170516 kB
HardwareCorrupted:     0 kB
AnonHugePages:   1224704 kB
HugePages_Total:       0
HugePages_Free:        0
HugePages_Rsvd:        0
HugePages_Surp:        0
Hugepagesize:       2048 kB
DirectMap4k:      297724 kB
DirectMap2M:     5883904 kB


CPU:total 8 (4 cores per cpu, 2 threads per core) family 6 model 58 stepping 9, cmov, cx8, fxsr, mmx, sse, sse2, sse3, ssse3, sse4.1, sse4.2, popcnt, avx, aes, erms, ht, tsc, tscinvbit, tscinv

/proc/cpuinfo:
processor	: 0
vendor_id	: GenuineIntel
cpu family	: 6
model		: 58
model name	: Intel(R) Core(TM) i7-3632QM CPU @ 2.20GHz
stepping	: 9
microcode	: 0x15
cpu MHz		: 2899.960
cache size	: 6144 KB
physical id	: 0
siblings	: 8
core id		: 0
cpu cores	: 4
apicid		: 0
initial apicid	: 0
fpu		: yes
fpu_exception	: yes
cpuid level	: 13
wp		: yes
flags		: fpu vme de pse tsc msr pae mce cx8 apic sep mtrr pge mca cmov pat pse36 clflush dts acpi mmx fxsr sse sse2 ss ht tm pbe syscall nx rdtscp lm constant_tsc arch_perfmon pebs bts rep_good nopl xtopology nonstop_tsc aperfmperf eagerfpu pni pclmulqdq dtes64 monitor ds_cpl vmx est tm2 ssse3 cx16 xtpr pdcm pcid sse4_1 sse4_2 x2apic popcnt tsc_deadline_timer aes xsave avx f16c rdrand lahf_lm ida arat epb pln pts dtherm tpr_shadow vnmi flexpriority ept vpid fsgsbase smep erms xsaveopt
bugs		:
bogomips	: 4391.88
clflush size	: 64
cache_alignment	: 64
address sizes	: 36 bits physical, 48 bits virtual
power management:

processor	: 1
vendor_id	: GenuineIntel
cpu family	: 6
model		: 58
model name	: Intel(R) Core(TM) i7-3632QM CPU @ 2.20GHz
stepping	: 9
microcode	: 0x15
cpu MHz		: 3056.882
cache size	: 6144 KB
physical id	: 0
siblings	: 8
core id		: 0
cpu cores	: 4
apicid		: 1
initial apicid	: 1
fpu		: yes
fpu_exception	: yes
cpuid level	: 13
wp		: yes
flags		: fpu vme de pse tsc msr pae mce cx8 apic sep mtrr pge mca cmov pat pse36 clflush dts acpi mmx fxsr sse sse2 ss ht tm pbe syscall nx rdtscp lm constant_tsc arch_perfmon pebs bts rep_good nopl xtopology nonstop_tsc aperfmperf eagerfpu pni pclmulqdq dtes64 monitor ds_cpl vmx est tm2 ssse3 cx16 xtpr pdcm pcid sse4_1 sse4_2 x2apic popcnt tsc_deadline_timer aes xsave avx f16c rdrand lahf_lm ida arat epb pln pts dtherm tpr_shadow vnmi flexpriority ept vpid fsgsbase smep erms xsaveopt
bugs		:
bogomips	: 4391.88
clflush size	: 64
cache_alignment	: 64
address sizes	: 36 bits physical, 48 bits virtual
power management:

processor	: 2
vendor_id	: GenuineIntel
cpu family	: 6
model		: 58
model name	: Intel(R) Core(TM) i7-3632QM CPU @ 2.20GHz
stepping	: 9
microcode	: 0x15
cpu MHz		: 2900.046
cache size	: 6144 KB
physical id	: 0
siblings	: 8
core id		: 1
cpu cores	: 4
apicid		: 2
initial apicid	: 2
fpu		: yes
fpu_exception	: yes
cpuid level	: 13
wp		: yes
flags		: fpu vme de pse tsc msr pae mce cx8 apic sep mtrr pge mca cmov pat pse36 clflush dts acpi mmx fxsr sse sse2 ss ht tm pbe syscall nx rdtscp lm constant_tsc arch_perfmon pebs bts rep_good nopl xtopology nonstop_tsc aperfmperf eagerfpu pni pclmulqdq dtes64 monitor ds_cpl vmx est tm2 ssse3 cx16 xtpr pdcm pcid sse4_1 sse4_2 x2apic popcnt tsc_deadline_timer aes xsave avx f16c rdrand lahf_lm ida arat epb pln pts dtherm tpr_shadow vnmi flexpriority ept vpid fsgsbase smep erms xsaveopt
bugs		:
bogomips	: 4391.88
clflush size	: 64
cache_alignment	: 64
address sizes	: 36 bits physical, 48 bits virtual
power management:

processor	: 3
vendor_id	: GenuineIntel
cpu family	: 6
model		: 58
model name	: Intel(R) Core(TM) i7-3632QM CPU @ 2.20GHz
stepping	: 9
microcode	: 0x15
cpu MHz		: 2899.960
cache size	: 6144 KB
physical id	: 0
siblings	: 8
core id		: 1
cpu cores	: 4
apicid		: 3
initial apicid	: 3
fpu		: yes
fpu_exception	: yes
cpuid level	: 13
wp		: yes
flags		: fpu vme de pse tsc msr pae mce cx8 apic sep mtrr pge mca cmov pat pse36 clflush dts acpi mmx fxsr sse sse2 ss ht tm pbe syscall nx rdtscp lm constant_tsc arch_perfmon pebs bts rep_good nopl xtopology nonstop_tsc aperfmperf eagerfpu pni pclmulqdq dtes64 monitor ds_cpl vmx est tm2 ssse3 cx16 xtpr pdcm pcid sse4_1 sse4_2 x2apic popcnt tsc_deadline_timer aes xsave avx f16c rdrand lahf_lm ida arat epb pln pts dtherm tpr_shadow vnmi flexpriority ept vpid fsgsbase smep erms xsaveopt
bugs		:
bogomips	: 4391.88
clflush size	: 64
cache_alignment	: 64
address sizes	: 36 bits physical, 48 bits virtual
power management:

processor	: 4
vendor_id	: GenuineIntel
cpu family	: 6
model		: 58
model name	: Intel(R) Core(TM) i7-3632QM CPU @ 2.20GHz
stepping	: 9
microcode	: 0x15
cpu MHz		: 2899.960
cache size	: 6144 KB
physical id	: 0
siblings	: 8
core id		: 2
cpu cores	: 4
apicid		: 4
initial apicid	: 4
fpu		: yes
fpu_exception	: yes
cpuid level	: 13
wp		: yes
flags		: fpu vme de pse tsc msr pae mce cx8 apic sep mtrr pge mca cmov pat pse36 clflush dts acpi mmx fxsr sse sse2 ss ht tm pbe syscall nx rdtscp lm constant_tsc arch_perfmon pebs bts rep_good nopl xtopology nonstop_tsc aperfmperf eagerfpu pni pclmulqdq dtes64 monitor ds_cpl vmx est tm2 ssse3 cx16 xtpr pdcm pcid sse4_1 sse4_2 x2apic popcnt tsc_deadline_timer aes xsave avx f16c rdrand lahf_lm ida arat epb pln pts dtherm tpr_shadow vnmi flexpriority ept vpid fsgsbase smep erms xsaveopt
bugs		:
bogomips	: 4391.88
clflush size	: 64
cache_alignment	: 64
address sizes	: 36 bits physical, 48 bits virtual
power management:

processor	: 5
vendor_id	: GenuineIntel
cpu family	: 6
model		: 58
model name	: Intel(R) Core(TM) i7-3632QM CPU @ 2.20GHz
stepping	: 9
microcode	: 0x15
cpu MHz		: 2899.960
cache size	: 6144 KB
physical id	: 0
siblings	: 8
core id		: 2
cpu cores	: 4
apicid		: 5
initial apicid	: 5
fpu		: yes
fpu_exception	: yes
cpuid level	: 13
wp		: yes
flags		: fpu vme de pse tsc msr pae mce cx8 apic sep mtrr pge mca cmov pat pse36 clflush dts acpi mmx fxsr sse sse2 ss ht tm pbe syscall nx rdtscp lm constant_tsc arch_perfmon pebs bts rep_good nopl xtopology nonstop_tsc aperfmperf eagerfpu pni pclmulqdq dtes64 monitor ds_cpl vmx est tm2 ssse3 cx16 xtpr pdcm pcid sse4_1 sse4_2 x2apic popcnt tsc_deadline_timer aes xsave avx f16c rdrand lahf_lm ida arat epb pln pts dtherm tpr_shadow vnmi flexpriority ept vpid fsgsbase smep erms xsaveopt
bugs		:
bogomips	: 4391.88
clflush size	: 64
cache_alignment	: 64
address sizes	: 36 bits physical, 48 bits virtual
power management:

processor	: 6
vendor_id	: GenuineIntel
cpu family	: 6
model		: 58
model name	: Intel(R) Core(TM) i7-3632QM CPU @ 2.20GHz
stepping	: 9
microcode	: 0x15
cpu MHz		: 2901.164
cache size	: 6144 KB
physical id	: 0
siblings	: 8
core id		: 3
cpu cores	: 4
apicid		: 6
initial apicid	: 6
fpu		: yes
fpu_exception	: yes
cpuid level	: 13
wp		: yes
flags		: fpu vme de pse tsc msr pae mce cx8 apic sep mtrr pge mca cmov pat pse36 clflush dts acpi mmx fxsr sse sse2 ss ht tm pbe syscall nx rdtscp lm constant_tsc arch_perfmon pebs bts rep_good nopl xtopology nonstop_tsc aperfmperf eagerfpu pni pclmulqdq dtes64 monitor ds_cpl vmx est tm2 ssse3 cx16 xtpr pdcm pcid sse4_1 sse4_2 x2apic popcnt tsc_deadline_timer aes xsave avx f16c rdrand lahf_lm ida arat epb pln pts dtherm tpr_shadow vnmi flexpriority ept vpid fsgsbase smep erms xsaveopt
bugs		:
bogomips	: 4391.88
clflush size	: 64
cache_alignment	: 64
address sizes	: 36 bits physical, 48 bits virtual
power management:

processor	: 7
vendor_id	: GenuineIntel
cpu family	: 6
model		: 58
model name	: Intel(R) Core(TM) i7-3632QM CPU @ 2.20GHz
stepping	: 9
microcode	: 0x15
cpu MHz		: 2899.960
cache size	: 6144 KB
physical id	: 0
siblings	: 8
core id		: 3
cpu cores	: 4
apicid		: 7
initial apicid	: 7
fpu		: yes
fpu_exception	: yes
cpuid level	: 13
wp		: yes
flags		: fpu vme de pse tsc msr pae mce cx8 apic sep mtrr pge mca cmov pat pse36 clflush dts acpi mmx fxsr sse sse2 ss ht tm pbe syscall nx rdtscp lm constant_tsc arch_perfmon pebs bts rep_good nopl xtopology nonstop_tsc aperfmperf eagerfpu pni pclmulqdq dtes64 monitor ds_cpl vmx est tm2 ssse3 cx16 xtpr pdcm pcid sse4_1 sse4_2 x2apic popcnt tsc_deadline_timer aes xsave avx f16c rdrand lahf_lm ida arat epb pln pts dtherm tpr_shadow vnmi flexpriority ept vpid fsgsbase smep erms xsaveopt
bugs		:
bogomips	: 4391.88
clflush size	: 64
cache_alignment	: 64
address sizes	: 36 bits physical, 48 bits virtual
power management:



Memory: 4k page, physical 6006108k(196600k free), swap 925692k(357760k free)

vm_info: OpenJDK 64-Bit Server VM (24.65-b04) for linux-amd64 JRE (1.7.0_71-b14), built on Nov 19 2014 08:58:28 by "builduser" with gcc 4.9.2

time: Fri Jan 23 00:28:15 2015
elapsed time: 0 seconds

