#
# A fatal error has been detected by the Java Runtime Environment:
#
#  Internal Error (javaClasses.cpp:139), pid=10563, tid=139885913851648
#  fatal error: Invalid layout of preloaded class
#
# JRE version:  (7.0_71-b14) (build )
# Java VM: OpenJDK 64-Bit Server VM (24.65-b04 mixed mode linux-amd64 compressed oops)
# Derivative: IcedTea 2.5.3
# Distribution: Custom build (Wed Nov 19 08:54:41 UTC 2014)
# Failed to write core dump. Core dumps have been disabled. To enable core dumping, try "ulimit -c unlimited" before starting Java again
#
# If you would like to submit a bug report, please include
# instructions on how to reproduce the bug and visit:
#   http://icedtea.classpath.org/bugzilla
#

---------------  T H R E A D  ---------------

Current thread (0x00007f39b0009000):  JavaThread "Unknown thread" [_thread_in_vm, id=10565, stack(0x00007f39ba244000,0x00007f39ba345000)]

Stack: [0x00007f39ba244000,0x00007f39ba345000],  sp=0x00007f39ba343940,  free space=1022k
Native frames: (J=compiled Java code, j=interpreted, Vv=VM code, C=native code)
V  [libjvm.so+0x980436]
V  [libjvm.so+0x48f852]
V  [libjvm.so+0x5fcdff]
V  [libjvm.so+0x5fcee6]
V  [libjvm.so+0x8feacc]
V  [libjvm.so+0x94a298]
V  [libjvm.so+0x94a8a3]
V  [libjvm.so+0x5afdd8]
V  [libjvm.so+0x92be4f]
V  [libjvm.so+0x61edf0]  JNI_CreateJavaVM+0x60
C  [libjli.so+0x29bf]


---------------  P R O C E S S  ---------------

Java Threads: ( => current thread )

Other Threads:

=>0x00007f39b0009000 (exited) JavaThread "Unknown thread" [_thread_in_vm, id=10565, stack(0x00007f39ba244000,0x00007f39ba345000)]

VM state:not at safepoint (not fully initialized)

VM Mutex/Monitor currently owned by a thread: None

GC Heap History (0 events):
No events

Deoptimization events (0 events):
No events

Internal exceptions (0 events):
No events

Events (10 events):
Event: 0.006 loading class 0x00007f39b40886f0 done
Event: 0.006 loading class 0x00007f39b4088110 done
Event: 0.006 loading class 0x00007f39b40880f0
Event: 0.007 loading class 0x00007f39b40901c0
Event: 0.007 loading class 0x00007f39b40901c0 done
Event: 0.007 loading class 0x00007f39b40901f0
Event: 0.007 loading class 0x00007f39b40901f0 done
Event: 0.007 loading class 0x00007f39b4090220
Event: 0.007 loading class 0x00007f39b4090220 done
Event: 0.007 loading class 0x00007f39b40880f0 done


Dynamic libraries:
00400000-00401000 r-xp 00000000 08:03 1211071                            /usr/lib/jvm/java-7-openjdk/jre/bin/java
00600000-00601000 rw-p 00000000 08:03 1211071                            /usr/lib/jvm/java-7-openjdk/jre/bin/java
01a3f000-01a60000 rw-p 00000000 00:00 0                                  [heap]
99e00000-9b300000 rw-p 00000000 00:00 0 
9b300000-a4400000 rw-p 00000000 00:00 0 
a4400000-a8100000 rw-p 00000000 00:00 0 
a8100000-e1680000 rw-p 00000000 00:00 0 
e1680000-e3580000 rw-p 00000000 00:00 0 
e3580000-100000000 rw-p 00000000 00:00 0 
7f3980000000-7f3980021000 rw-p 00000000 00:00 0 
7f3980021000-7f3984000000 ---p 00000000 00:00 0 
7f3988000000-7f3988021000 rw-p 00000000 00:00 0 
7f3988021000-7f398c000000 ---p 00000000 00:00 0 
7f398c000000-7f398c021000 rw-p 00000000 00:00 0 
7f398c021000-7f3990000000 ---p 00000000 00:00 0 
7f3990000000-7f3990021000 rw-p 00000000 00:00 0 
7f3990021000-7f3994000000 ---p 00000000 00:00 0 
7f3994000000-7f3994021000 rw-p 00000000 00:00 0 
7f3994021000-7f3998000000 ---p 00000000 00:00 0 
7f3998000000-7f3998021000 rw-p 00000000 00:00 0 
7f3998021000-7f399c000000 ---p 00000000 00:00 0 
7f39a0000000-7f39a0021000 rw-p 00000000 00:00 0 
7f39a0021000-7f39a4000000 ---p 00000000 00:00 0 
7f39a7ccf000-7f39a8000000 rw-p 00000000 00:00 0 
7f39a8000000-7f39a8021000 rw-p 00000000 00:00 0 
7f39a8021000-7f39ac000000 ---p 00000000 00:00 0 
7f39ac208000-7f39ac2fe000 r--s 017b0000 08:03 543412                     /opt/android-sdk/platforms/android-21/android.jar
7f39ac2fe000-7f39af60e000 rw-p 00000000 00:00 0 
7f39af60e000-7f39af60f000 ---p 00000000 00:00 0 
7f39af60f000-7f39af70f000 rw-p 00000000 00:00 0                          [stack:10573]
7f39af70f000-7f39af710000 ---p 00000000 00:00 0 
7f39af710000-7f39af810000 rw-p 00000000 00:00 0                          [stack:10572]
7f39af810000-7f39af811000 ---p 00000000 00:00 0 
7f39af811000-7f39af911000 rw-p 00000000 00:00 0                          [stack:10571]
7f39af911000-7f39af912000 ---p 00000000 00:00 0 
7f39af912000-7f39afa12000 rw-p 00000000 00:00 0                          [stack:10570]
7f39afa12000-7f39afa13000 ---p 00000000 00:00 0 
7f39afa13000-7f39afb13000 rw-p 00000000 00:00 0                          [stack:10569]
7f39afb13000-7f39afb14000 ---p 00000000 00:00 0 
7f39afb14000-7f39afc14000 rw-p 00000000 00:00 0                          [stack:10568]
7f39afc14000-7f39afc15000 ---p 00000000 00:00 0 
7f39afc15000-7f39afd15000 rw-p 00000000 00:00 0                          [stack:10567]
7f39afd15000-7f39afd16000 ---p 00000000 00:00 0 
7f39afd16000-7f39afe35000 rw-p 00000000 00:00 0                          [stack:10566]
7f39afe35000-7f39b005d000 rw-p 00000000 00:00 0 
7f39b005d000-7f39b4000000 ---p 00000000 00:00 0 
7f39b4012000-7f39b40ee000 rw-p 00000000 00:00 0 
7f39b40ee000-7f39b4136000 rw-p 00000000 00:00 0 
7f39b4136000-7f39b4155000 rw-p 00000000 00:00 0 
7f39b4155000-7f39b431f000 rw-p 00000000 00:00 0 
7f39b431f000-7f39b432f000 rw-p 00000000 00:00 0 
7f39b432f000-7f39b4414000 rw-p 00000000 00:00 0 
7f39b4414000-7f39b441f000 rw-p 00000000 00:00 0 
7f39b441f000-7f39b44d5000 rw-p 00000000 00:00 0 
7f39b44d5000-7f39b4745000 rwxp 00000000 00:00 0 
7f39b4745000-7f39b74d5000 rw-p 00000000 00:00 0 
7f39b74d5000-7f39b74dd000 r-xp 00000000 08:03 1192672                    /usr/lib/jvm/java-7-openjdk/jre/lib/amd64/libzip.so
7f39b74dd000-7f39b76dc000 ---p 00008000 08:03 1192672                    /usr/lib/jvm/java-7-openjdk/jre/lib/amd64/libzip.so
7f39b76dc000-7f39b76dd000 rw-p 00007000 08:03 1192672                    /usr/lib/jvm/java-7-openjdk/jre/lib/amd64/libzip.so
7f39b76dd000-7f39b76e8000 r-xp 00000000 08:03 1051733                    /usr/lib/libnss_files-2.20.so
7f39b76e8000-7f39b78e8000 ---p 0000b000 08:03 1051733                    /usr/lib/libnss_files-2.20.so
7f39b78e8000-7f39b78e9000 r--p 0000b000 08:03 1051733                    /usr/lib/libnss_files-2.20.so
7f39b78e9000-7f39b78ea000 rw-p 0000c000 08:03 1051733                    /usr/lib/libnss_files-2.20.so
7f39b78ea000-7f39b7916000 r-xp 00000000 08:03 1192669                    /usr/lib/jvm/java-7-openjdk/jre/lib/amd64/libjava.so
7f39b7916000-7f39b7b15000 ---p 0002c000 08:03 1192669                    /usr/lib/jvm/java-7-openjdk/jre/lib/amd64/libjava.so
7f39b7b15000-7f39b7b17000 rw-p 0002b000 08:03 1192669                    /usr/lib/jvm/java-7-openjdk/jre/lib/amd64/libjava.so
7f39b7b17000-7f39b7b24000 r-xp 00000000 08:03 1192668                    /usr/lib/jvm/java-7-openjdk/jre/lib/amd64/libverify.so
7f39b7b24000-7f39b7d23000 ---p 0000d000 08:03 1192668                    /usr/lib/jvm/java-7-openjdk/jre/lib/amd64/libverify.so
7f39b7d23000-7f39b7d25000 rw-p 0000c000 08:03 1192668                    /usr/lib/jvm/java-7-openjdk/jre/lib/amd64/libverify.so
7f39b7d25000-7f39b7d2c000 r-xp 00000000 08:03 1051994                    /usr/lib/librt-2.20.so
7f39b7d2c000-7f39b7f2b000 ---p 00007000 08:03 1051994                    /usr/lib/librt-2.20.so
7f39b7f2b000-7f39b7f2c000 r--p 00006000 08:03 1051994                    /usr/lib/librt-2.20.so
7f39b7f2c000-7f39b7f2d000 rw-p 00007000 08:03 1051994                    /usr/lib/librt-2.20.so
7f39b7f2d000-7f39b7f43000 r-xp 00000000 08:03 1066725                    /usr/lib/libgcc_s.so.1
7f39b7f43000-7f39b8142000 ---p 00016000 08:03 1066725                    /usr/lib/libgcc_s.so.1
7f39b8142000-7f39b8143000 rw-p 00015000 08:03 1066725                    /usr/lib/libgcc_s.so.1
7f39b8143000-7f39b8246000 r-xp 00000000 08:03 1051934                    /usr/lib/libm-2.20.so
7f39b8246000-7f39b8446000 ---p 00103000 08:03 1051934                    /usr/lib/libm-2.20.so
7f39b8446000-7f39b8447000 r--p 00103000 08:03 1051934                    /usr/lib/libm-2.20.so
7f39b8447000-7f39b8448000 rw-p 00104000 08:03 1051934                    /usr/lib/libm-2.20.so
7f39b8448000-7f39b8538000 r-xp 00000000 08:03 1087249                    /usr/lib/libstdc++.so.6.0.20
7f39b8538000-7f39b8738000 ---p 000f0000 08:03 1087249                    /usr/lib/libstdc++.so.6.0.20
7f39b8738000-7f39b8740000 r--p 000f0000 08:03 1087249                    /usr/lib/libstdc++.so.6.0.20
7f39b8740000-7f39b8742000 rw-p 000f8000 08:03 1087249                    /usr/lib/libstdc++.so.6.0.20
7f39b8742000-7f39b8757000 rw-p 00000000 00:00 0 
7f39b8757000-7f39b92a4000 r-xp 00000000 08:03 1211070                    /usr/lib/jvm/java-7-openjdk/jre/lib/amd64/server/libjvm.so
7f39b92a4000-7f39b94a3000 ---p 00b4d000 08:03 1211070                    /usr/lib/jvm/java-7-openjdk/jre/lib/amd64/server/libjvm.so
7f39b94a3000-7f39b9565000 rw-p 00b4c000 08:03 1211070                    /usr/lib/jvm/java-7-openjdk/jre/lib/amd64/server/libjvm.so
7f39b9565000-7f39b9591000 rw-p 00000000 00:00 0 
7f39b9591000-7f39b95a6000 r-xp 00000000 08:03 1054972                    /usr/lib/libz.so.1.2.8
7f39b95a6000-7f39b97a5000 ---p 00015000 08:03 1054972                    /usr/lib/libz.so.1.2.8
7f39b97a5000-7f39b97a6000 r--p 00014000 08:03 1054972                    /usr/lib/libz.so.1.2.8
7f39b97a6000-7f39b97a7000 rw-p 00015000 08:03 1054972                    /usr/lib/libz.so.1.2.8
7f39b97a7000-7f39b9940000 r-xp 00000000 08:03 1051960                    /usr/lib/libc-2.20.so
7f39b9940000-7f39b9b40000 ---p 00199000 08:03 1051960                    /usr/lib/libc-2.20.so
7f39b9b40000-7f39b9b44000 r--p 00199000 08:03 1051960                    /usr/lib/libc-2.20.so
7f39b9b44000-7f39b9b46000 rw-p 0019d000 08:03 1051960                    /usr/lib/libc-2.20.so
7f39b9b46000-7f39b9b4a000 rw-p 00000000 00:00 0 
7f39b9b4a000-7f39b9b4d000 r-xp 00000000 08:03 1051726                    /usr/lib/libdl-2.20.so
7f39b9b4d000-7f39b9d4c000 ---p 00003000 08:03 1051726                    /usr/lib/libdl-2.20.so
7f39b9d4c000-7f39b9d4d000 r--p 00002000 08:03 1051726                    /usr/lib/libdl-2.20.so
7f39b9d4d000-7f39b9d4e000 rw-p 00003000 08:03 1051726                    /usr/lib/libdl-2.20.so
7f39b9d4e000-7f39b9d5b000 r-xp 00000000 08:03 1210164                    /usr/lib/jvm/java-7-openjdk/jre/lib/amd64/jli/libjli.so
7f39b9d5b000-7f39b9f5a000 ---p 0000d000 08:03 1210164                    /usr/lib/jvm/java-7-openjdk/jre/lib/amd64/jli/libjli.so
7f39b9f5a000-7f39b9f5b000 rw-p 0000c000 08:03 1210164                    /usr/lib/jvm/java-7-openjdk/jre/lib/amd64/jli/libjli.so
7f39b9f5b000-7f39b9f72000 r-xp 00000000 08:03 1051740                    /usr/lib/libpthread-2.20.so
7f39b9f72000-7f39ba171000 ---p 00017000 08:03 1051740                    /usr/lib/libpthread-2.20.so
7f39ba171000-7f39ba172000 r--p 00016000 08:03 1051740                    /usr/lib/libpthread-2.20.so
7f39ba172000-7f39ba173000 rw-p 00017000 08:03 1051740                    /usr/lib/libpthread-2.20.so
7f39ba173000-7f39ba177000 rw-p 00000000 00:00 0 
7f39ba177000-7f39ba199000 r-xp 00000000 08:03 1051735                    /usr/lib/ld-2.20.so
7f39ba19e000-7f39ba1fc000 rw-p 00000000 00:00 0 
7f39ba1fc000-7f39ba244000 rw-p 00000000 00:00 0 
7f39ba244000-7f39ba247000 ---p 00000000 00:00 0 
7f39ba247000-7f39ba349000 rw-p 00000000 00:00 0                          [stack:10565]
7f39ba36b000-7f39ba38d000 rw-p 00000000 00:00 0 
7f39ba38d000-7f39ba395000 rw-s 00000000 00:20 659841                     /tmp/hsperfdata_phanaton/10563
7f39ba395000-7f39ba396000 rw-p 00000000 00:00 0 
7f39ba396000-7f39ba397000 r--p 00000000 00:00 0 
7f39ba397000-7f39ba398000 rw-p 00000000 00:00 0 
7f39ba398000-7f39ba399000 r--p 00021000 08:03 1051735                    /usr/lib/ld-2.20.so
7f39ba399000-7f39ba39a000 rw-p 00022000 08:03 1051735                    /usr/lib/ld-2.20.so
7f39ba39a000-7f39ba39b000 rw-p 00000000 00:00 0 
7fff560ee000-7fff5610f000 rw-p 00000000 00:00 0                          [stack]
7fff561fc000-7fff561fe000 r--p 00000000 00:00 0                          [vvar]
7fff561fe000-7fff56200000 r-xp 00000000 00:00 0                          [vdso]
ffffffffff600000-ffffffffff601000 r-xp 00000000 00:00 0                  [vsyscall]

VM Arguments:
jvm_args: -Dfile.encoding=UTF-8 -Xbootclasspath:/opt/android-sdk/platforms/android-21/android.jar 
java_command: Model.DataReader
Launcher Type: SUN_STANDARD

Environment Variables:
PATH=/usr/local/sbin:/usr/local/bin:/usr/bin:/opt/android-ndk:/opt/android-sdk/platform-tools:/opt/android-sdk/tools:/usr/share/java/gradle/bin:/usr/lib/jvm/default/bin:/opt/kde/bin:/usr/bin/site_perl:/usr/bin/vendor_perl:/usr/bin/core_perl
SHELL=/bin/bash
DISPLAY=:0

Signal Handlers:
SIGSEGV: [libjvm.so+0x980f20], sa_mask[0]=0x7ffbfeff, sa_flags=0x10000004
SIGBUS: [libjvm.so+0x980f20], sa_mask[0]=0x7ffbfeff, sa_flags=0x10000004
SIGFPE: [libjvm.so+0x7ef840], sa_mask[0]=0x7ffbfeff, sa_flags=0x10000004
SIGPIPE: [libjvm.so+0x7ef840], sa_mask[0]=0x7ffbfeff, sa_flags=0x10000004
SIGXFSZ: [libjvm.so+0x7ef840], sa_mask[0]=0x7ffbfeff, sa_flags=0x10000004
SIGILL: [libjvm.so+0x7ef840], sa_mask[0]=0x7ffbfeff, sa_flags=0x10000004
SIGUSR1: SIG_DFL, sa_mask[0]=0x00000000, sa_flags=0x00000000
SIGUSR2: [libjvm.so+0x7ef6c0], sa_mask[0]=0x00000004, sa_flags=0x10000004
SIGHUP: SIG_DFL, sa_mask[0]=0x00000000, sa_flags=0x00000000
SIGINT: SIG_DFL, sa_mask[0]=0x00000000, sa_flags=0x00000000
SIGTERM: SIG_DFL, sa_mask[0]=0x00000000, sa_flags=0x00000000
SIGQUIT: SIG_DFL, sa_mask[0]=0x00000000, sa_flags=0x00000000
SIGTRAP: SIG_DFL, sa_mask[0]=0x00000000, sa_flags=0x00000000


---------------  S Y S T E M  ---------------

OS:Linux
uname:Linux 3.18.2-2-ARCH #1 SMP PREEMPT Fri Jan 9 07:37:51 CET 2015 x86_64
libc:glibc 2.20 NPTL 2.20 
rlimit: STACK 8192k, CORE 0k, NPROC 23209, NOFILE 4096, AS infinity
load average:0.66 0.60 0.54

/proc/meminfo:
MemTotal:        6006108 kB
MemFree:          398924 kB
MemAvailable:    2172300 kB
Buffers:          468360 kB
Cached:          1708984 kB
SwapCached:           24 kB
Active:          4104968 kB
Inactive:        1126392 kB
Active(anon):    3095560 kB
Inactive(anon):   261852 kB
Active(file):    1009408 kB
Inactive(file):   864540 kB
Unevictable:       15252 kB
Mlocked:           15252 kB
SwapTotal:        925692 kB
SwapFree:         925616 kB
Dirty:                80 kB
Writeback:             0 kB
AnonPages:       3069580 kB
Mapped:           641692 kB
Shmem:            297292 kB
Slab:             189048 kB
SReclaimable:     136728 kB
SUnreclaim:        52320 kB
KernelStack:       11280 kB
PageTables:        70184 kB
NFS_Unstable:          0 kB
Bounce:                0 kB
WritebackTmp:          0 kB
CommitLimit:     3928744 kB
Committed_AS:    8580448 kB
VmallocTotal:   34359738367 kB
VmallocUsed:      563464 kB
VmallocChunk:   34359170516 kB
HardwareCorrupted:     0 kB
AnonHugePages:   1003520 kB
HugePages_Total:       0
HugePages_Free:        0
HugePages_Rsvd:        0
HugePages_Surp:        0
Hugepagesize:       2048 kB
DirectMap4k:      271100 kB
DirectMap2M:     5910528 kB


CPU:total 8 (4 cores per cpu, 2 threads per core) family 6 model 58 stepping 9, cmov, cx8, fxsr, mmx, sse, sse2, sse3, ssse3, sse4.1, sse4.2, popcnt, avx, aes, erms, ht, tsc, tscinvbit, tscinv

/proc/cpuinfo:
processor	: 0
vendor_id	: GenuineIntel
cpu family	: 6
model		: 58
model name	: Intel(R) Core(TM) i7-3632QM CPU @ 2.20GHz
stepping	: 9
microcode	: 0x15
cpu MHz		: 2076.937
cache size	: 6144 KB
physical id	: 0
siblings	: 8
core id		: 0
cpu cores	: 4
apicid		: 0
initial apicid	: 0
fpu		: yes
fpu_exception	: yes
cpuid level	: 13
wp		: yes
flags		: fpu vme de pse tsc msr pae mce cx8 apic sep mtrr pge mca cmov pat pse36 clflush dts acpi mmx fxsr sse sse2 ss ht tm pbe syscall nx rdtscp lm constant_tsc arch_perfmon pebs bts rep_good nopl xtopology nonstop_tsc aperfmperf eagerfpu pni pclmulqdq dtes64 monitor ds_cpl vmx est tm2 ssse3 cx16 xtpr pdcm pcid sse4_1 sse4_2 x2apic popcnt tsc_deadline_timer aes xsave avx f16c rdrand lahf_lm ida arat epb pln pts dtherm tpr_shadow vnmi flexpriority ept vpid fsgsbase smep erms xsaveopt
bugs		:
bogomips	: 4391.88
clflush size	: 64
cache_alignment	: 64
address sizes	: 36 bits physical, 48 bits virtual
power management:

processor	: 1
vendor_id	: GenuineIntel
cpu family	: 6
model		: 58
model name	: Intel(R) Core(TM) i7-3632QM CPU @ 2.20GHz
stepping	: 9
microcode	: 0x15
cpu MHz		: 1431.117
cache size	: 6144 KB
physical id	: 0
siblings	: 8
core id		: 0
cpu cores	: 4
apicid		: 1
initial apicid	: 1
fpu		: yes
fpu_exception	: yes
cpuid level	: 13
wp		: yes
flags		: fpu vme de pse tsc msr pae mce cx8 apic sep mtrr pge mca cmov pat pse36 clflush dts acpi mmx fxsr sse sse2 ss ht tm pbe syscall nx rdtscp lm constant_tsc arch_perfmon pebs bts rep_good nopl xtopology nonstop_tsc aperfmperf eagerfpu pni pclmulqdq dtes64 monitor ds_cpl vmx est tm2 ssse3 cx16 xtpr pdcm pcid sse4_1 sse4_2 x2apic popcnt tsc_deadline_timer aes xsave avx f16c rdrand lahf_lm ida arat epb pln pts dtherm tpr_shadow vnmi flexpriority ept vpid fsgsbase smep erms xsaveopt
bugs		:
bogomips	: 4391.88
clflush size	: 64
cache_alignment	: 64
address sizes	: 36 bits physical, 48 bits virtual
power management:

processor	: 2
vendor_id	: GenuineIntel
cpu family	: 6
model		: 58
model name	: Intel(R) Core(TM) i7-3632QM CPU @ 2.20GHz
stepping	: 9
microcode	: 0x15
cpu MHz		: 2839.031
cache size	: 6144 KB
physical id	: 0
siblings	: 8
core id		: 1
cpu cores	: 4
apicid		: 2
initial apicid	: 2
fpu		: yes
fpu_exception	: yes
cpuid level	: 13
wp		: yes
flags		: fpu vme de pse tsc msr pae mce cx8 apic sep mtrr pge mca cmov pat pse36 clflush dts acpi mmx fxsr sse sse2 ss ht tm pbe syscall nx rdtscp lm constant_tsc arch_perfmon pebs bts rep_good nopl xtopology nonstop_tsc aperfmperf eagerfpu pni pclmulqdq dtes64 monitor ds_cpl vmx est tm2 ssse3 cx16 xtpr pdcm pcid sse4_1 sse4_2 x2apic popcnt tsc_deadline_timer aes xsave avx f16c rdrand lahf_lm ida arat epb pln pts dtherm tpr_shadow vnmi flexpriority ept vpid fsgsbase smep erms xsaveopt
bugs		:
bogomips	: 4391.88
clflush size	: 64
cache_alignment	: 64
address sizes	: 36 bits physical, 48 bits virtual
power management:

processor	: 3
vendor_id	: GenuineIntel
cpu family	: 6
model		: 58
model name	: Intel(R) Core(TM) i7-3632QM CPU @ 2.20GHz
stepping	: 9
microcode	: 0x15
cpu MHz		: 2842.296
cache size	: 6144 KB
physical id	: 0
siblings	: 8
core id		: 1
cpu cores	: 4
apicid		: 3
initial apicid	: 3
fpu		: yes
fpu_exception	: yes
cpuid level	: 13
wp		: yes
flags		: fpu vme de pse tsc msr pae mce cx8 apic sep mtrr pge mca cmov pat pse36 clflush dts acpi mmx fxsr sse sse2 ss ht tm pbe syscall nx rdtscp lm constant_tsc arch_perfmon pebs bts rep_good nopl xtopology nonstop_tsc aperfmperf eagerfpu pni pclmulqdq dtes64 monitor ds_cpl vmx est tm2 ssse3 cx16 xtpr pdcm pcid sse4_1 sse4_2 x2apic popcnt tsc_deadline_timer aes xsave avx f16c rdrand lahf_lm ida arat epb pln pts dtherm tpr_shadow vnmi flexpriority ept vpid fsgsbase smep erms xsaveopt
bugs		:
bogomips	: 4391.88
clflush size	: 64
cache_alignment	: 64
address sizes	: 36 bits physical, 48 bits virtual
power management:

processor	: 4
vendor_id	: GenuineIntel
cpu family	: 6
model		: 58
model name	: Intel(R) Core(TM) i7-3632QM CPU @ 2.20GHz
stepping	: 9
microcode	: 0x15
cpu MHz		: 2899.960
cache size	: 6144 KB
physical id	: 0
siblings	: 8
core id		: 2
cpu cores	: 4
apicid		: 4
initial apicid	: 4
fpu		: yes
fpu_exception	: yes
cpuid level	: 13
wp		: yes
flags		: fpu vme de pse tsc msr pae mce cx8 apic sep mtrr pge mca cmov pat pse36 clflush dts acpi mmx fxsr sse sse2 ss ht tm pbe syscall nx rdtscp lm constant_tsc arch_perfmon pebs bts rep_good nopl xtopology nonstop_tsc aperfmperf eagerfpu pni pclmulqdq dtes64 monitor ds_cpl vmx est tm2 ssse3 cx16 xtpr pdcm pcid sse4_1 sse4_2 x2apic popcnt tsc_deadline_timer aes xsave avx f16c rdrand lahf_lm ida arat epb pln pts dtherm tpr_shadow vnmi flexpriority ept vpid fsgsbase smep erms xsaveopt
bugs		:
bogomips	: 4391.88
clflush size	: 64
cache_alignment	: 64
address sizes	: 36 bits physical, 48 bits virtual
power management:

processor	: 5
vendor_id	: GenuineIntel
cpu family	: 6
model		: 58
model name	: Intel(R) Core(TM) i7-3632QM CPU @ 2.20GHz
stepping	: 9
microcode	: 0x15
cpu MHz		: 2899.960
cache size	: 6144 KB
physical id	: 0
siblings	: 8
core id		: 2
cpu cores	: 4
apicid		: 5
initial apicid	: 5
fpu		: yes
fpu_exception	: yes
cpuid level	: 13
wp		: yes
flags		: fpu vme de pse tsc msr pae mce cx8 apic sep mtrr pge mca cmov pat pse36 clflush dts acpi mmx fxsr sse sse2 ss ht tm pbe syscall nx rdtscp lm constant_tsc arch_perfmon pebs bts rep_good nopl xtopology nonstop_tsc aperfmperf eagerfpu pni pclmulqdq dtes64 monitor ds_cpl vmx est tm2 ssse3 cx16 xtpr pdcm pcid sse4_1 sse4_2 x2apic popcnt tsc_deadline_timer aes xsave avx f16c rdrand lahf_lm ida arat epb pln pts dtherm tpr_shadow vnmi flexpriority ept vpid fsgsbase smep erms xsaveopt
bugs		:
bogomips	: 4391.88
clflush size	: 64
cache_alignment	: 64
address sizes	: 36 bits physical, 48 bits virtual
power management:

processor	: 6
vendor_id	: GenuineIntel
cpu family	: 6
model		: 58
model name	: Intel(R) Core(TM) i7-3632QM CPU @ 2.20GHz
stepping	: 9
microcode	: 0x15
cpu MHz		: 2899.960
cache size	: 6144 KB
physical id	: 0
siblings	: 8
core id		: 3
cpu cores	: 4
apicid		: 6
initial apicid	: 6
fpu		: yes
fpu_exception	: yes
cpuid level	: 13
wp		: yes
flags		: fpu vme de pse tsc msr pae mce cx8 apic sep mtrr pge mca cmov pat pse36 clflush dts acpi mmx fxsr sse sse2 ss ht tm pbe syscall nx rdtscp lm constant_tsc arch_perfmon pebs bts rep_good nopl xtopology nonstop_tsc aperfmperf eagerfpu pni pclmulqdq dtes64 monitor ds_cpl vmx est tm2 ssse3 cx16 xtpr pdcm pcid sse4_1 sse4_2 x2apic popcnt tsc_deadline_timer aes xsave avx f16c rdrand lahf_lm ida arat epb pln pts dtherm tpr_shadow vnmi flexpriority ept vpid fsgsbase smep erms xsaveopt
bugs		:
bogomips	: 4391.88
clflush size	: 64
cache_alignment	: 64
address sizes	: 36 bits physical, 48 bits virtual
power management:

processor	: 7
vendor_id	: GenuineIntel
cpu family	: 6
model		: 58
model name	: Intel(R) Core(TM) i7-3632QM CPU @ 2.20GHz
stepping	: 9
microcode	: 0x15
cpu MHz		: 2918.093
cache size	: 6144 KB
physical id	: 0
siblings	: 8
core id		: 3
cpu cores	: 4
apicid		: 7
initial apicid	: 7
fpu		: yes
fpu_exception	: yes
cpuid level	: 13
wp		: yes
flags		: fpu vme de pse tsc msr pae mce cx8 apic sep mtrr pge mca cmov pat pse36 clflush dts acpi mmx fxsr sse sse2 ss ht tm pbe syscall nx rdtscp lm constant_tsc arch_perfmon pebs bts rep_good nopl xtopology nonstop_tsc aperfmperf eagerfpu pni pclmulqdq dtes64 monitor ds_cpl vmx est tm2 ssse3 cx16 xtpr pdcm pcid sse4_1 sse4_2 x2apic popcnt tsc_deadline_timer aes xsave avx f16c rdrand lahf_lm ida arat epb pln pts dtherm tpr_shadow vnmi flexpriority ept vpid fsgsbase smep erms xsaveopt
bugs		:
bogomips	: 4391.88
clflush size	: 64
cache_alignment	: 64
address sizes	: 36 bits physical, 48 bits virtual
power management:



Memory: 4k page, physical 6006108k(398924k free), swap 925692k(925616k free)

vm_info: OpenJDK 64-Bit Server VM (24.65-b04) for linux-amd64 JRE (1.7.0_71-b14), built on Nov 19 2014 08:58:28 by "builduser" with gcc 4.9.2

time: Thu Jan 22 22:51:34 2015
elapsed time: 0 seconds

